23:10:01.696 [main] DEBUG org.apache.poi.openxml4j.opc.PackageRelationshipCollection - Parsing relationship: /_rels/.rels
23:10:01.711 [main] DEBUG org.apache.poi.ooxml.POIXMLFactory - using default POIXMLDocumentPart for http://schemas.openxmlformats.org/officeDocument/2006/relationships/printerSettings
23:10:01.724 [main] DEBUG org.apache.poi.openxml4j.opc.PackageRelationshipCollection - Parsing relationship: /xl/_rels/workbook.xml.rels
23:10:01.725 [main] DEBUG org.apache.poi.openxml4j.opc.PackageRelationshipCollection - Parsing relationship: /xl/worksheets/_rels/sheet1.xml.rels
23:10:01.727 [main] DEBUG org.apache.poi.openxml4j.opc.PackageRelationshipCollection - Parsing relationship: /_rels/.rels
23:10:01.735 [main] DEBUG org.apache.poi.ooxml.POIXMLFactory - using default POIXMLDocumentPart for http://schemas.openxmlformats.org/officeDocument/2006/relationships/printerSettings
23:10:05.270 [main] INFO  api.test.UserTests - ******** Reading user **********
23:10:06.530 [main] INFO  api.test.UserTests - ******** user info displayed **********
23:10:06.531 [main] INFO  api.test.UserTests - ******** updating user **********
23:10:07.699 [main] INFO  api.test.UserTests - ******** user is upfated**********
23:10:08.782 [main] INFO  api.test.UserTests - ******** Deleting user **********
23:10:09.893 [main] INFO  api.test.UserTests - ******** user deleted**********
23:11:15.666 [main] DEBUG api.test.UserTests2 - debugging ...........
23:11:15.677 [main] INFO  api.test.UserTests2 - ******** Creating user **********
23:11:18.802 [main] INFO  api.test.UserTests2 - ******** Reading user **********
23:11:19.944 [main] INFO  api.test.UserTests2 - ******** user info displayed **********
23:11:19.946 [main] INFO  api.test.UserTests2 - ******** updating user **********
23:11:21.168 [main] INFO  api.test.UserTests2 - ******** user is upfated**********
23:11:22.281 [main] INFO  api.test.UserTests2 - ******** Deleting user **********
23:11:23.340 [main] INFO  api.test.UserTests2 - ******** user deleted**********
23:28:44.224 [main] DEBUG api.test.UserTests2 - debugging ...........
23:28:44.238 [main] INFO  api.test.UserTests2 - ******** Creating user **********
23:28:48.621 [main] INFO  api.test.UserTests2 - ******** Reading user **********
23:28:49.768 [main] INFO  api.test.UserTests2 - ******** user info displayed **********
23:28:49.771 [main] INFO  api.test.UserTests2 - ******** updating user **********
23:28:50.987 [main] INFO  api.test.UserTests2 - ******** user is upfated**********
23:28:52.183 [main] INFO  api.test.UserTests2 - ******** Deleting user **********
23:28:53.331 [main] INFO  api.test.UserTests2 - ******** user deleted**********
10:14:57.212 [main] DEBUG api.test.UserTests2 - debugging ...........
10:14:57.227 [main] INFO  api.test.UserTests2 - ******** Creating user **********
10:15:04.111 [main] INFO  api.test.UserTests2 - ******** Reading user **********
10:15:05.270 [main] INFO  api.test.UserTests2 - ******** user info displayed **********
10:15:05.271 [main] INFO  api.test.UserTests2 - ******** updating user **********
10:15:06.414 [main] INFO  api.test.UserTests2 - ******** user is upfated**********
10:15:07.536 [main] INFO  api.test.UserTests2 - ******** Deleting user **********
10:15:08.680 [main] INFO  api.test.UserTests2 - ******** user deleted**********
10:18:01.025 [main] DEBUG api.test.UserTests2 - debugging ...........
10:18:01.036 [main] INFO  api.test.UserTests2 - ******** Creating user **********
10:18:04.233 [main] INFO  api.test.UserTests2 - ******** Reading user **********
10:18:05.440 [main] INFO  api.test.UserTests2 - ******** user info displayed **********
10:18:05.445 [main] INFO  api.test.UserTests2 - ******** updating user **********
10:18:06.575 [main] INFO  api.test.UserTests2 - ******** user is upfated**********
10:18:07.707 [main] INFO  api.test.UserTests2 - ******** Deleting user **********
10:18:08.831 [main] INFO  api.test.UserTests2 - ******** user deleted**********
